2022-12-26 13:59:04:5128 .........  错误：未将对象引用设置到对象的实例。
2022-12-26 13:59:05:5360 .........  错误：获取数据库路径失败!       “DBUtility.DbHelperODBC”的类型初始值设定项引发异常。
2022-12-26 13:59:05:8052 .........  ===============政府追溯模式==============
2022-12-26 13:59:06:2240 .........  开始执行油站进油上送定时任务
2022-12-26 13:59:06:2269 .........  开始执行油罐液位仪上送定时任务
2022-12-26 13:59:06:2599 .........  开始执行实时销售数据上送定时任务
2022-12-26 13:59:06:2678 .........  错误：   在 DBUtility.DbHelperODBC.Query(String SQLString)
   在 SPTool.GasPurchaseInfoJob.Execute(IJobExecutionContext context) 位置 D:\工作资料\壳牌\山东河北\最终版本\DataPost2019123001\SPTool\Class\GasPurchaseInfoJob.cs:行号 40
2022-12-26 13:59:06:2702 .........  错误：“DBUtility.DbHelperODBC”的类型初始值设定项引发异常。
2022-12-26 13:59:06:2798 .........  错误：   在 DBUtility.DbHelperODBC.Query(String SQLString)
   在 SPTool.TankDataJob.Execute(IJobExecutionContext context) 位置 D:\工作资料\壳牌\山东河北\最终版本\DataPost2019123001\SPTool\Class\TankDataJob.cs:行号 32
2022-12-26 13:59:06:2848 .........  液位仪数据上送错误：“DBUtility.DbHelperODBC”的类型初始值设定项引发异常。
2022-12-26 13:59:06:2868 .........  实时销售数据上送失败：“DBUtility.DbHelperODBC”的类型初始值设定项引发异常。
2022-12-26 13:59:19:4307 .........  ===============工具被关闭了===============
2022-12-26 13:59:22:2947 .........  错误：未将对象引用设置到对象的实例。
2022-12-26 13:59:22:3036 .........  错误：获取数据库路径失败!       “DBUtility.DbHelperODBC”的类型初始值设定项引发异常。
2022-12-26 13:59:22:3715 .........  ===============政府追溯模式==============
2022-12-26 13:59:22:5968 .........  开始执行油罐液位仪上送定时任务
2022-12-26 13:59:22:6008 .........  开始执行油站进油上送定时任务
2022-12-26 13:59:22:6117 .........  开始执行实时销售数据上送定时任务
2022-12-26 13:59:22:6147 .........  错误：   在 DBUtility.DbHelperODBC.Query(String SQLString)
   在 SPTool.TankDataJob.Execute(IJobExecutionContext context) 位置 D:\工作资料\壳牌\山东河北\最终版本\DataPost2019123001\SPTool\Class\TankDataJob.cs:行号 32
2022-12-26 13:59:22:6157 .........  液位仪数据上送错误：“DBUtility.DbHelperODBC”的类型初始值设定项引发异常。
2022-12-26 13:59:22:6167 .........  错误：“DBUtility.DbHelperODBC”的类型初始值设定项引发异常。
2022-12-26 13:59:22:6187 .........  实时销售数据上送失败：“DBUtility.DbHelperODBC”的类型初始值设定项引发异常。
2022-12-26 13:59:41:5835 .........  开始执行油枪配置变更定时任务
2022-12-26 13:59:41:5855 .........  开始执行油罐配置变更定时任务
2022-12-26 13:59:51:2421 .........  ===============工具被关闭了===============
