2022-11-18 17:57:24:1207 .........  ======================================
2022-11-18 17:57:24:1447 .........  开始执行===交易流水到发票系统===定时任务！
2022-11-18 17:57:24:1730 .........  完成发票系统批量交易流水组装！  交易流水条数：0
2022-11-18 17:57:24:2333 .........  
2022-11-18 17:57:24:2454 .........  {"Pztoken":"26B372ADCBBF8AB70066E1B577AA7B30","SaleDataList":[]}
2022-11-18 17:57:49:6502 .........  程序报错后，待发送的交易流水全部存入数据库，条数：0
2022-11-18 17:57:49:6621 .........  发送发票消息失败：Unexpected character encountered while parsing value: 由. Path '', line 0, position 0.
2022-11-18 17:58:56:0157 .........  ======================================
2022-11-18 17:58:56:0182 .........  开始执行===交易流水到发票系统===定时任务！
2022-11-18 17:59:14:4840 .........  发送发票消息失败：Object reference not set to an instance of an object.
2022-11-18 18:00:14:5494 .........  ======================================
2022-11-18 18:00:14:5555 .........  开始执行===交易流水到发票系统===定时任务！
2022-11-18 18:00:14:5617 .........  完成发票系统批量交易流水组装！  交易流水条数：0
2022-11-18 18:00:14:5681 .........  
2022-11-18 18:00:14:5698 .........  {"Pztoken":"26B372ADCBBF8AB70066E1B577AA7B30","SaleDataList":[]}
2022-11-18 18:00:35:9753 .........  程序报错后，待发送的交易流水全部存入数据库，条数：0
2022-11-18 18:00:35:9775 .........  发送发票消息失败：Unexpected character encountered while parsing value: 由. Path '', line 0, position 0.
2022-11-18 18:01:36:0822 .........  ======================================
2022-11-18 18:01:36:1138 .........  开始执行===交易流水到发票系统===定时任务！
2022-11-18 18:01:36:1161 .........  完成发票系统批量交易流水组装！  交易流水条数：0
2022-11-18 18:01:36:1180 .........  
2022-11-18 18:01:36:1198 .........  {"Pztoken":"26B372ADCBBF8AB70066E1B577AA7B30","SaleDataList":[]}
2022-11-18 18:01:57:3501 .........  程序报错后，待发送的交易流水全部存入数据库，条数：0
2022-11-18 18:01:57:3546 .........  发送发票消息失败：Unexpected character encountered while parsing value: 由. Path '', line 0, position 0.
2022-11-18 18:02:57:4077 .........  ======================================
2022-11-18 18:02:57:4155 .........  开始执行===交易流水到发票系统===定时任务！
2022-11-18 18:02:57:4177 .........  完成发票系统批量交易流水组装！  交易流水条数：0
2022-11-18 18:02:57:4194 .........  
2022-11-18 18:02:57:4211 .........  {"Pztoken":"26B372ADCBBF8AB70066E1B577AA7B30","SaleDataList":[]}
2022-11-18 18:03:18:6730 .........  程序报错后，待发送的交易流水全部存入数据库，条数：0
2022-11-18 18:03:18:6779 .........  发送发票消息失败：Unexpected character encountered while parsing value: 由. Path '', line 0, position 0.
2022-11-18 18:04:18:7171 .........  ======================================
2022-11-18 18:04:18:7218 .........  开始执行===交易流水到发票系统===定时任务！
2022-11-18 18:04:18:7272 .........  完成发票系统批量交易流水组装！  交易流水条数：0
2022-11-18 18:04:18:7318 .........  
2022-11-18 18:04:18:7342 .........  {"Pztoken":"26B372ADCBBF8AB70066E1B577AA7B30","SaleDataList":[]}
2022-11-18 18:04:39:9546 .........  程序报错后，待发送的交易流水全部存入数据库，条数：0
2022-11-18 18:04:39:9564 .........  发送发票消息失败：Unexpected character encountered while parsing value: 由. Path '', line 0, position 0.
2022-11-18 18:05:39:9930 .........  ======================================
2022-11-18 18:05:39:9995 .........  开始执行===交易流水到发票系统===定时任务！
2022-11-18 18:05:40:0051 .........  完成发票系统批量交易流水组装！  交易流水条数：0
2022-11-18 18:05:40:0075 .........  
2022-11-18 18:05:40:0094 .........  {"Pztoken":"26B372ADCBBF8AB70066E1B577AA7B30","SaleDataList":[]}
2022-11-18 18:06:01:2450 .........  程序报错后，待发送的交易流水全部存入数据库，条数：0
2022-11-18 18:06:01:2549 .........  发送发票消息失败：Unexpected character encountered while parsing value: 由. Path '', line 0, position 0.
