2022-11-18 17:57:23:5201 .........  186定时任务===完成注册！
2022-11-18 17:57:49:7049 .........  186定时任务===开始查询前3天内未同步的支付明细数据！！
2022-11-18 17:57:49:8748 .........  2022-11-18 17:57:49:8741 .........  186定时任务===结束查询3天内未同步的支付明细数据！.........条数：0
2022-11-18 17:57:49:8789 .........  186定时任务===开始补全处理支付明细表中未保存的字段POSID,PMNTID！,条数：0
2022-11-18 17:57:49:8803 .........  186定时任务===完成==补全处理支付明细表中未保存的字段POSID,PMNTID！,条数：0
2022-11-18 17:57:50:0381 .........  186定时任务===开始查询前3天内未同步的交易明细数据！
2022-11-18 17:57:50:1340 .........  2022-11-18 17:57:50:1338 .........  186定时任务===结束查询前3天内未同步的交易明细数据！.........条数：0
2022-11-18 17:58:55:8002 .........  186定时任务===完成注册！
2022-11-18 17:59:14:5412 .........  186定时任务===开始查询前3天内未同步的支付明细数据！！
2022-11-18 17:59:19:7011 .........  2022-11-18 17:59:19:7008 .........  186定时任务===结束查询3天内未同步的支付明细数据！.........条数：0
2022-11-18 17:59:19:7063 .........  186定时任务===开始补全处理支付明细表中未保存的字段POSID,PMNTID！,条数：0
2022-11-18 17:59:19:7095 .........  186定时任务===完成==补全处理支付明细表中未保存的字段POSID,PMNTID！,条数：0
2022-11-18 17:59:19:8570 .........  186定时任务===开始查询前3天内未同步的交易明细数据！
2022-11-18 17:59:20:0200 .........  2022-11-18 17:59:20:0197 .........  186定时任务===结束查询前3天内未同步的交易明细数据！.........条数：0
2022-11-18 18:09:27:6870 .........  186定时任务===开始查询前3天内未同步的支付明细数据！！
2022-11-18 18:09:27:7927 .........  2022-11-18 18:09:27:7925 .........  186定时任务===结束查询3天内未同步的支付明细数据！.........条数：0
2022-11-18 18:09:27:7944 .........  186定时任务===开始补全处理支付明细表中未保存的字段POSID,PMNTID！,条数：0
2022-11-18 18:09:27:7962 .........  186定时任务===完成==补全处理支付明细表中未保存的字段POSID,PMNTID！,条数：0
2022-11-18 18:09:27:8675 .........  186定时任务===开始查询前3天内未同步的交易明细数据！
2022-11-18 18:09:27:9943 .........  2022-11-18 18:09:27:9940 .........  186定时任务===结束查询前3天内未同步的交易明细数据！.........条数：0
